Copyright 1986-2020 Xilinx, Inc. All Rights Reserved.
-------------------------------------------------------------------------------------------------
| Tool Version : Vivado v.2020.2 (win64) Build 3064766 Wed Nov 18 09:12:45 MST 2020
| Date         : Sun Jul 11 13:24:28 2021
| Host         : DESKTOP-MN2LPFL running 64-bit major release  (build 9200)
| Command      : report_control_sets -verbose -file project_reti_logiche_control_sets_placed.rpt
| Design       : project_reti_logiche
| Device       : xc7a200t
-------------------------------------------------------------------------------------------------

Control Set Information

Table of Contents
-----------------
1. Summary
2. Histogram
3. Flip-Flop Distribution
4. Detailed Control Set Information

1. Summary
----------

+----------------------------------------------------------+-------+
|                          Status                          | Count |
+----------------------------------------------------------+-------+
| Total control sets                                       |    16 |
|    Minimum number of control sets                        |    16 |
|    Addition due to synthesis replication                 |     0 |
|    Addition due to physical synthesis replication        |     0 |
| Unused register locations in slices containing registers |     8 |
+----------------------------------------------------------+-------+
* Control sets can be merged at opt_design using control_set_merge or merge_equivalent_drivers
** Run report_qor_suggestions for automated merging and remapping suggestions


2. Histogram
------------

+--------------------+-------+
|       Fanout       | Count |
+--------------------+-------+
| Total control sets |    16 |
| >= 0 to < 4        |     1 |
| >= 4 to < 6        |     0 |
| >= 6 to < 8        |     0 |
| >= 8 to < 10       |     9 |
| >= 10 to < 12      |     0 |
| >= 12 to < 14      |     0 |
| >= 14 to < 16      |     1 |
| >= 16              |     5 |
+--------------------+-------+
* Control sets can be remapped at either synth_design or opt_design


3. Flip-Flop Distribution
-------------------------

+--------------+-----------------------+------------------------+-----------------+--------------+
| Clock Enable | Synchronous Set/Reset | Asynchronous Set/Reset | Total Registers | Total Slices |
+--------------+-----------------------+------------------------+-----------------+--------------+
| No           | No                    | No                     |               0 |            0 |
| No           | No                    | Yes                    |               0 |            0 |
| No           | Yes                   | No                     |               0 |            0 |
| Yes          | No                    | No                     |             144 |           48 |
| Yes          | No                    | Yes                    |              16 |            4 |
| Yes          | Yes                   | No                     |              16 |            5 |
+--------------+-----------------------+------------------------+-----------------+--------------+


4. Detailed Control Set Information
-----------------------------------

+------------------+--------------------------------------+---------------------+------------------+----------------+--------------+
|   Clock Signal   |             Enable Signal            |   Set/Reset Signal  | Slice Load Count | Bel Load Count | Bels / Slice |
+------------------+--------------------------------------+---------------------+------------------+----------------+--------------+
|  i_clk_IBUF_BUFG | o_done0                              |                     |                1 |              1 |         1.00 |
|  i_clk_IBUF_BUFG | max_pixel0                           |                     |                2 |              8 |         4.00 |
|  i_clk_IBUF_BUFG | current_pixel0                       |                     |                3 |              8 |         2.67 |
|  i_clk_IBUF_BUFG | min_pixel0                           |                     |                2 |              8 |         4.00 |
|  i_clk_IBUF_BUFG | o_data0                              |                     |                2 |              8 |         4.00 |
|  i_clk_IBUF_BUFG | rows0                                |                     |                4 |              8 |         2.00 |
|  i_clk_IBUF_BUFG | tmp_pixel0                           |                     |                2 |              8 |         4.00 |
|  i_clk_IBUF_BUFG | tmp_pixel_16bit0                     |                     |                2 |              8 |         4.00 |
|  i_clk_IBUF_BUFG | columns0                             |                     |                1 |              8 |         8.00 |
|  i_clk_IBUF_BUFG | columns_to_decrease0                 |                     |                4 |              8 |         2.00 |
|  i_clk_IBUF_BUFG | shift_result[15]_i_1_n_0             |                     |                8 |             15 |         1.88 |
|  i_clk_IBUF_BUFG | max_counter0                         |                     |                5 |             16 |         3.20 |
|  i_clk_IBUF_BUFG | o_address0                           |                     |                5 |             16 |         3.20 |
|  i_clk_IBUF_BUFG | FSM_onehot_current_state[15]_i_1_n_0 | i_rst_IBUF          |                4 |             16 |         4.00 |
|  i_clk_IBUF_BUFG | counter0                             | counter[15]_i_1_n_0 |                5 |             16 |         3.20 |
|  i_clk_IBUF_BUFG | starting_address_for_equalized0      |                     |                7 |             24 |         3.43 |
+------------------+--------------------------------------+---------------------+------------------+----------------+--------------+


